<?xml version="1.0" encoding="UTF-8"?>
<!-- Generated by org.testng.reporters.JUnitReportReporter -->
<testsuite hostname="Huawei-PC" failures="0" tests="1" name="Main.Login" time="13.647" errors="0" timestamp="2023-03-09T16:18:41 EET" skipped="0">
  <testcase classname="Main.Login" name="case_1" time="13.647"/>
  <system-out/>
</testsuite> <!-- Main.Login -->
