<?xml version="1.0" encoding="UTF-8"?>
<!-- Generated by org.testng.reporters.JUnitReportReporter -->
<testsuite hostname="Huawei-PC" failures="0" tests="1" name="Tests.Test_1" time="17.285" errors="0" timestamp="2023-03-09T16:18:41 EET" skipped="0">
  <testcase classname="Tests.Test_1" name="test1" time="17.285"/>
  <system-out/>
</testsuite> <!-- Tests.Test_1 -->
